15:05:33: Creating resource group General
15:05:33: Creating resource group Internal
15:05:33: Creating resource group Autodetect
15:05:33: SceneManagerFactory for type 'DefaultSceneManager' registered.
15:05:33: Registering ResourceManager for type Material
15:05:33: Registering ResourceManager for type Mesh
15:05:33: Registering ResourceManager for type Skeleton
15:05:33: MovableObjectFactory for type 'ParticleSystem' registered.
15:05:33: ArchiveFactory for archive type FileSystem registered.
15:05:33: ArchiveFactory for archive type Zip registered.
15:05:33: ArchiveFactory for archive type EmbeddedZip registered.
15:05:33: DDS codec registering
15:05:33: FreeImage version: 3.15.3
15:05:33: This program uses FreeImage, a free, open source image library supporting all common bitmap formats. See http://freeimage.sourceforge.net for details
15:05:33: Supported formats: bmp,ico,jpg,jif,jpeg,jpe,jng,koa,iff,lbm,mng,pbm,pbm,pcd,pcx,pgm,pgm,png,ppm,ppm,ras,tga,targa,tif,tiff,wap,wbmp,wbm,psd,cut,xbm,xpm,gif,hdr,g3,sgi,exr,j2k,j2c,jp2,pfm,pct,pict,pic,3fr,arw,bay,bmq,cap,cine,cr2,crw,cs1,dc2,dcr,drf,dsc,dng,erf,fff,ia,iiq,k25,kc2,kdc,mdc,mef,mos,mrw,nef,nrw,orf,pef,ptx,pxn,qtk,raf,raw,rdc,rw2,rwl,rwz,sr2,srf,srw,sti
15:05:33: Registering ResourceManager for type HighLevelGpuProgram
15:05:33: Registering ResourceManager for type Compositor
15:05:33: MovableObjectFactory for type 'Entity' registered.
15:05:33: MovableObjectFactory for type 'Light' registered.
15:05:33: MovableObjectFactory for type 'BillboardSet' registered.
15:05:33: MovableObjectFactory for type 'ManualObject' registered.
15:05:33: MovableObjectFactory for type 'BillboardChain' registered.
15:05:33: MovableObjectFactory for type 'RibbonTrail' registered.
15:05:33: Loading library .\RenderSystem_Direct3D9_d
15:05:33: Installing plugin: D3D9 RenderSystem
15:05:33: D3D9 : Direct3D9 Rendering Subsystem created.
15:05:33: D3D9: Driver Detection Starts
15:05:33: D3D9: Driver Detection Ends
15:05:33: Plugin successfully installed
15:05:33: Loading library .\RenderSystem_GL_d
15:05:33: Installing plugin: GL RenderSystem
15:05:33: OpenGL Rendering Subsystem created.
15:05:33: Plugin successfully installed
15:05:33: Loading library .\Plugin_PCZSceneManager_d
15:05:33: Installing plugin: Portal Connected Zone Scene Manager
15:05:33: PCZone Factory Type 'ZoneType_Default' registered
15:05:33: Plugin successfully installed
15:05:33: Loading library .\Plugin_OctreeZone_d
15:05:33: Installing plugin: Octree Zone Factory
15:05:33: Plugin successfully installed
15:05:33: Loading library .\Plugin_OctreeSceneManager_d
15:05:33: Installing plugin: Octree Scene Manager
15:05:33: Plugin successfully installed
15:05:33: *-*-* OGRE Initialising
15:05:33: *-*-* Version 1.9.0 (Ghadamon)
15:05:33: Creating resource group 
15:05:33: Added resource location '../Race/Content/' of type 'FileSystem' to resource group ''
15:05:33: Added resource location '../Race/Content/Models/' of type 'FileSystem' to resource group ''
15:05:33: Added resource location '../Race/Content/Materials/' of type 'FileSystem' to resource group ''
15:05:33: Added resource location '../Race/Content/Materials/Fonts/' of type 'FileSystem' to resource group ''
15:05:33: Added resource location '../Race/Content/Materials/Scripts/' of type 'FileSystem' to resource group ''
15:05:33: Added resource location '../Race/Content/Materials/Textures/' of type 'FileSystem' to resource group ''
15:05:33: Added resource location '../Race/Content/Overlays/' of type 'FileSystem' to resource group ''
15:05:33: Added resource location '../Race/Content/Skybox/' of type 'FileSystem' to resource group ''
15:05:33: Added resource location '../Race/Content/Sounds/' of type 'FileSystem' to resource group ''
15:05:33: Added resource location '../Race/Content/Maps/' of type 'FileSystem' to resource group ''
15:05:33: D3D9 : RenderSystem Option: Allow DirectX9Ex = No
15:05:33: D3D9 : RenderSystem Option: Allow NVPerfHUD = No
15:05:33: D3D9 : RenderSystem Option: FSAA = 0
15:05:33: D3D9 : RenderSystem Option: Fixed Pipeline Enabled = Yes
15:05:33: D3D9 : RenderSystem Option: Floating-point mode = Fastest
15:05:33: D3D9 : RenderSystem Option: Full Screen = No
15:05:33: D3D9 : RenderSystem Option: Multi device memory hint = Use minimum system memory
15:05:33: D3D9 : RenderSystem Option: Rendering Device = Monitor-1-Intel(R) HD Graphics
15:05:33: D3D9 : RenderSystem Option: Resource Creation Policy = Create on all devices
15:05:33: D3D9 : RenderSystem Option: Use Multihead = Auto
15:05:33: D3D9 : RenderSystem Option: VSync = No
15:05:33: D3D9 : RenderSystem Option: VSync Interval = 1
15:05:33: D3D9 : RenderSystem Option: Video Mode = 800 x 600 @ 32-bit colour
15:05:33: D3D9 : RenderSystem Option: sRGB Gamma Conversion = No
15:06:01: CPU Identifier & Features
15:06:01: -------------------------
15:06:01:  *   CPU ID: GenuineIntel: Intel(R) Core(TM) i5-2400 CPU @ 3.10GHz
15:06:01:  *      SSE: yes
15:06:01:  *     SSE2: yes
15:06:01:  *     SSE3: yes
15:06:01:  *      MMX: yes
15:06:01:  *   MMXEXT: yes
15:06:01:  *    3DNOW: no
15:06:01:  * 3DNOWEXT: no
15:06:01:  *     CMOV: yes
15:06:01:  *      TSC: yes
15:06:01:  *      FPU: yes
15:06:01:  *      PRO: yes
15:06:01:  *       HT: no
15:06:01: -------------------------
15:06:01: *** Starting Win32GL Subsystem ***
15:06:01: Registering ResourceManager for type Texture
15:06:01: GLRenderSystem::_createRenderWindow "OGRE Render Window", 800x600 windowed  miscParams: FSAA=0 FSAAHint= colourDepth=32 displayFrequency=0 gamma=false vsync=false vsyncInterval=1 
15:06:01: Created Win32Window 'OGRE Render Window' : 816x639, 32bpp
15:06:01: GL_VERSION = 3.1.0 - Build 9.17.10.3347
15:06:01: GL_VENDOR = Intel
15:06:01: GL_RENDERER = Intel(R) HD Graphics 2000
15:06:01: GL_EXTENSIONS = GL_EXT_blend_minmax GL_EXT_blend_subtract GL_EXT_blend_color GL_EXT_abgr GL_EXT_texture3D GL_EXT_clip_volume_hint GL_EXT_compiled_vertex_array GL_SGIS_texture_edge_clamp GL_SGIS_generate_mipmap GL_EXT_draw_range_elements GL_SGIS_texture_lod GL_EXT_rescale_normal GL_EXT_packed_pixels GL_EXT_texture_edge_clamp GL_EXT_separate_specular_color GL_ARB_multitexture GL_EXT_texture_env_combine GL_EXT_bgra GL_EXT_blend_func_separate GL_EXT_secondary_color GL_EXT_fog_coord GL_EXT_texture_env_add GL_ARB_texture_cube_map GL_ARB_transpose_matrix GL_ARB_texture_env_add GL_IBM_texture_mirrored_repeat GL_EXT_multi_draw_arrays GL_NV_blend_square GL_ARB_texture_compression GL_3DFX_texture_compression_FXT1 GL_EXT_texture_filter_anisotropic GL_ARB_texture_border_clamp GL_ARB_point_parameters GL_ARB_texture_env_combine GL_ARB_texture_env_dot3 GL_ARB_texture_env_crossbar GL_EXT_texture_compression_s3tc GL_ARB_shadow GL_ARB_window_pos GL_EXT_shadow_funcs GL_EXT_stencil_wrap GL_ARB_vertex_program GL_EXT_texture_rectangle GL_ARB_fragment_program GL_EXT_stencil_two_side GL_ATI_separate_stencil GL_ARB_vertex_buffer_object GL_EXT_texture_lod_bias GL_ARB_occlusion_query GL_ARB_fragment_shader GL_ARB_shader_objects GL_ARB_shading_language_100 GL_ARB_texture_non_power_of_two GL_ARB_vertex_shader GL_NV_texgen_reflection GL_ARB_point_sprite GL_ARB_fragment_program_shadow GL_EXT_blend_equation_separate GL_ARB_depth_texture GL_ARB_texture_rectangle GL_ARB_draw_buffers GL_ARB_color_buffer_float GL_ARB_half_float_pixel GL_ARB_texture_float GL_ARB_pixel_buffer_object GL_EXT_framebuffer_object GL_ARB_draw_instanced GL_ARB_half_float_vertex GL_ARB_occlusion_query2 GL_EXT_draw_buffers2 GL_WIN_swap_hint GL_EXT_texture_sRGB GL_ARB_multisample GL_EXT_packed_float GL_EXT_texture_shared_exponent GL_ARB_texture_rg GL_ARB_texture_compression_rgtc GL_NV_conditional_render GL_EXT_texture_swizzle GL_ARB_sync GL_ARB_framebuffer_sRGB GL_EXT_packed_depth_stencil GL_ARB_depth_buffer_float GL_EXT_transform_feedback GL_EXT_framebuffer_blit GL_EXT_framebuffer_multisample GL_ARB_framebuffer_object GL_EXT_texture_array GL_EXT_texture_integer GL_ARB_map_buffer_range GL_EXT_texture_snorm GL_INTEL_performance_queries GL_ARB_copy_buffer GL_ARB_sampler_objects GL_NV_primitive_restart GL_ARB_seamless_cube_map GL_ARB_uniform_buffer_object GL_ARB_depth_clamp GL_ARB_vertex_array_bgra GL_ARB_shader_bit_encoding GL_ARB_draw_buffers_blend GL_ARB_texture_query_lod GL_ARB_explicit_attrib_location GL_ARB_draw_elements_base_vertex GL_ARB_instanced_arrays GL_ARB_fragment_coord_conventions GL_EXT_gpu_program_parameters GL_ARB_texture_buffer_object_rgb32 GL_ARB_compatibility GL_ARB_texture_rgb10_a2ui GL_ARB_vertex_type_2_10_10_10_rev GL_ARB_timer_query GL_INTEL_map_texture GL_ARB_vertex_array_object GL_ARB_provoking_vertex 
15:06:01: Supported WGL extensions: WGL_EXT_depth_float WGL_ARB_buffer_region WGL_ARB_extensions_string WGL_ARB_make_current_read WGL_ARB_pixel_format WGL_ARB_pbuffer WGL_EXT_extensions_string WGL_EXT_swap_control WGL_EXT_swap_control_tear WGL_ARB_multisample WGL_ARB_pixel_format_float WGL_ARB_framebuffer_sRGB WGL_ARB_create_context WGL_EXT_pixel_format_packed_float 
15:06:01: ***************************
15:06:01: *** GL Renderer Started ***
15:06:01: ***************************
15:06:01: Registering ResourceManager for type GpuProgram
15:06:01: GLSL support detected
15:06:01: GL: Using GL_EXT_framebuffer_object for rendering to textures (best)
15:06:01: FBO PF_UNKNOWN depth/stencil support: D0S1 D0S4 D0S8 D0S16 D16S0 D24S0 D32S0 Packed-D24S8 
15:06:01: FBO PF_A8 depth/stencil support: D0S0 D0S1 D0S4 D0S8 D0S16 D16S0 D24S0 D32S0 Packed-D24S8 
15:06:01: FBO PF_R5G6B5 depth/stencil support: D0S0 D0S1 D0S4 D0S8 D0S16 D16S0 D24S0 D32S0 Packed-D24S8 
15:06:01: FBO PF_B5G6R5 depth/stencil support: D0S0 D0S1 D0S4 D0S8 D0S16 D16S0 D24S0 D32S0 Packed-D24S8 
15:06:01: FBO PF_R8G8B8 depth/stencil support: D0S0 D0S1 D0S4 D0S8 D0S16 D16S0 D24S0 D32S0 Packed-D24S8 
15:06:01: FBO PF_B8G8R8 depth/stencil support: D0S0 D0S1 D0S4 D0S8 D0S16 D16S0 D24S0 D32S0 Packed-D24S8 
15:06:01: FBO PF_A8R8G8B8 depth/stencil support: D0S0 D0S1 D0S4 D0S8 D0S16 D16S0 D24S0 D32S0 Packed-D24S8 
15:06:01: FBO PF_B8G8R8A8 depth/stencil support: D0S0 D0S1 D0S4 D0S8 D0S16 D16S0 D24S0 D32S0 Packed-D24S8 
15:06:01: FBO PF_A2R10G10B10 depth/stencil support: D0S0 D0S1 D0S4 D0S8 D0S16 D16S0 D24S0 D32S0 Packed-D24S8 
15:06:01: FBO PF_A2B10G10R10 depth/stencil support: D0S0 D0S1 D0S4 D0S8 D0S16 D16S0 D24S0 D32S0 Packed-D24S8 
15:06:01: FBO PF_FLOAT16_RGB depth/stencil support: D0S0 D0S1 D0S4 D0S8 D0S16 D16S0 D24S0 D32S0 Packed-D24S8 
15:06:01: FBO PF_FLOAT16_RGBA depth/stencil support: D0S0 D0S1 D0S4 D0S8 D0S16 D16S0 D24S0 D32S0 Packed-D24S8 
15:06:01: FBO PF_FLOAT32_RGB depth/stencil support: D0S0 D0S1 D0S4 D0S8 D0S16 D16S0 D24S0 D32S0 Packed-D24S8 
15:06:01: FBO PF_FLOAT32_RGBA depth/stencil support: D0S0 D0S1 D0S4 D0S8 D0S16 D16S0 D24S0 D32S0 Packed-D24S8 
15:06:01: FBO PF_X8R8G8B8 depth/stencil support: D0S0 D0S1 D0S4 D0S8 D0S16 D16S0 D24S0 D32S0 Packed-D24S8 
15:06:01: FBO PF_X8B8G8R8 depth/stencil support: D0S0 D0S1 D0S4 D0S8 D0S16 D16S0 D24S0 D32S0 Packed-D24S8 
15:06:01: FBO PF_SHORT_RGBA depth/stencil support: D0S0 D0S1 D0S4 D0S8 D0S16 D16S0 D24S0 D32S0 Packed-D24S8 
15:06:01: FBO PF_R3G3B2 depth/stencil support: D0S0 D0S1 D0S4 D0S8 D0S16 D16S0 D24S0 D32S0 Packed-D24S8 
15:06:01: FBO PF_SHORT_RGB depth/stencil support: D0S0 D0S1 D0S4 D0S8 D0S16 D16S0 D24S0 D32S0 Packed-D24S8 
15:06:01: [GL] : Valid FBO targets PF_UNKNOWN PF_A8 PF_R5G6B5 PF_B5G6R5 PF_R8G8B8 PF_B8G8R8 PF_A8R8G8B8 PF_B8G8R8A8 PF_A2R10G10B10 PF_A2B10G10R10 PF_FLOAT16_RGB PF_FLOAT16_RGBA PF_FLOAT32_RGB PF_FLOAT32_RGBA PF_X8R8G8B8 PF_X8B8G8R8 PF_SHORT_RGBA PF_R3G3B2 PF_SHORT_RGB 
15:06:01: RenderSystem capabilities
15:06:01: -------------------------
15:06:01: RenderSystem Name: OpenGL Rendering Subsystem
15:06:01: GPU Vendor: intel
15:06:01: Device Name: Intel(R) HD Graphics 2000
15:06:01: Driver Version: 3.1.0.0
15:06:01:  * Fixed function pipeline: yes
15:06:01:  * Hardware generation of mipmaps: no
15:06:01:  * Texture blending: yes
15:06:01:  * Anisotropic texture filtering: yes
15:06:01:  * Dot product texture operation: yes
15:06:01:  * Cube mapping: yes
15:06:01:  * Hardware stencil buffer: yes
15:06:01:    - Stencil depth: 8
15:06:01:    - Two sided stencil support: yes
15:06:01:    - Wrap stencil values: yes
15:06:01:  * Hardware vertex / index buffers: yes
15:06:01:  * Vertex programs: yes
15:06:01:  * Number of floating-point constants for vertex programs: 256
15:06:01:  * Number of integer constants for vertex programs: 0
15:06:01:  * Number of boolean constants for vertex programs: 0
15:06:01:  * Fragment programs: yes
15:06:01:  * Number of floating-point constants for fragment programs: 256
15:06:01:  * Number of integer constants for fragment programs: 0
15:06:01:  * Number of boolean constants for fragment programs: 0
15:06:01:  * Geometry programs: no
15:06:01:  * Number of floating-point constants for geometry programs: 52428
15:06:01:  * Number of integer constants for geometry programs: 52428
15:06:01:  * Number of boolean constants for geometry programs: 52428
15:06:01:  * Tesselation Hull programs: no
15:06:01:  * Number of floating-point constants for tesselation hull programs: 52428
15:06:01:  * Number of integer constants for tesselation hull programs: 52428
15:06:01:  * Number of boolean constants for tesselation hull programs: 52428
15:06:01:  * Tesselation Domain programs: no
15:06:01:  * Number of floating-point constants for tesselation domain programs: 52428
15:06:01:  * Number of integer constants for tesselation domain programs: 52428
15:06:01:  * Number of boolean constants for tesselation domain programs: 52428
15:06:01:  * Compute programs: no
15:06:01:  * Number of floating-point constants for compute programs: 1025
15:06:01:  * Number of integer constants for compute programs: 1025
15:06:01:  * Number of boolean constants for compute programs: 124
15:06:01:  * Supported Shader Profiles: arbfp1 arbvp1 glsl
15:06:01:  * Texture Compression: yes
15:06:01:    - DXT: yes
15:06:01:    - VTC: no
15:06:01:    - PVRTC: no
15:06:01:    - ATC: no
15:06:01:    - ETC1: no
15:06:01:    - ETC2: no
15:06:01:    - BC4/BC5: no
15:06:01:    - BC6H/BC7: no
15:06:01:  * Scissor Rectangle: yes
15:06:01:  * Hardware Occlusion Query: yes
15:06:01:  * User clip planes: yes
15:06:01:  * VET_UBYTE4 vertex element type: yes
15:06:01:  * Infinite far plane projection: yes
15:06:01:  * Hardware render-to-texture: yes
15:06:01:  * Floating point textures: yes
15:06:01:  * Non-power-of-two textures: yes
15:06:01:  * 1d textures: yes
15:06:01:  * Volume textures: yes
15:06:01:  * Multiple Render Targets: 8
15:06:01:    - With different bit depths: yes
15:06:01:  * Point Sprites: yes
15:06:01:  * Extended point parameters: yes
15:06:01:  * Max Point Size: 255
15:06:01:  * Vertex texture fetch: yes
15:06:01:  * Number of world matrices: 0
15:06:01:  * Number of texture units: 16
15:06:01:  * Stencil buffer depth: 8
15:06:01:  * Number of vertex blend matrices: 0
15:06:01:    - Max vertex textures: 16
15:06:01:    - Vertex textures shared: yes
15:06:01:  * Render to Vertex Buffer : no
15:06:01:  * Hardware Atomic Counters: no
15:06:01:  * GL 1.5 without VBO workaround: no
15:06:01:  * Frame Buffer objects: yes
15:06:01:  * Frame Buffer objects (ARB extension): no
15:06:01:  * Frame Buffer objects (ATI extension): no
15:06:01:  * PBuffer support: yes
15:06:01:  * GL 1.5 without HW-occlusion workaround: no
15:06:01:  * Vertex Array Objects: no
15:06:01:  * Separate shader objects: no
15:06:01: DefaultWorkQueue('Root') initialising on thread d78.
15:06:01: DefaultWorkQueue('Root')::WorkerFunc - thread 1068 starting.
15:06:01: DefaultWorkQueue('Root')::WorkerFunc - thread 1624 starting.
15:06:01: DefaultWorkQueue('Root')::WorkerFunc - thread 1298 starting.
15:06:01: DefaultWorkQueue('Root')::WorkerFunc - thread 155c starting.
15:06:01: Particle Renderer Type 'billboard' registered
15:06:01: SceneManagerFactory for type 'PCZSceneManager' registered.
15:06:01: MovableObjectFactory for type 'PCZLight' registered.
15:06:01: MovableObjectFactory for type 'Portal' registered.
15:06:01: MovableObjectFactory for type 'AntiPortal' registered.
15:06:01: PCZone Factory Type 'ZoneType_Octree' registered
15:06:01: SceneManagerFactory for type 'OctreeSceneManager' registered.
15:06:01: OverlayElementFactory for type Panel registered.
15:06:01: OverlayElementFactory for type BorderPanel registered.
15:06:01: OverlayElementFactory for type TextArea registered.
15:06:01: Registering ResourceManager for type Font
15:06:01: Parsing scripts for resource group 
15:06:01: Parsing script GeneratedMesh.material
15:06:01: Parsing script Achievement.material
15:06:01: Parsing script ArmorMat.material
15:06:01: Parsing script ArrowMat.material
15:06:01: Parsing script barrelmat.material
15:06:01: Parsing script Base1Mat.material
15:06:01: Parsing script basic.material
15:06:01: Parsing script Boat1Mat.material
15:06:01: Parsing script CarMaterial.material
15:06:01: Parsing script CoinMat.material
15:06:01: Parsing script GoalMat.material
15:06:01: Parsing script GoalMaterial.material
15:06:01: Parsing script HUD.material
15:06:01: Parsing script Icerberg1Mat.material
15:06:01: Parsing script KinectLib.material
15:06:01: Parsing script MagMat.material
15:06:01: Parsing script Menu.material
15:06:01: Parsing script sawMaterial.material
15:06:01: Parsing script SideMat.material
15:06:01: Parsing script Water.material
15:06:01: Parsing script TankGroundPlane.material
15:06:01: Parsing script TankWall.material
15:06:01: Parsing script TestMat.material
15:06:01: Parsing script skybox.material
15:06:01: Parsing script bhw.fontdef
15:06:01: Parsing script bluehigh.fontdef
15:06:01: Parsing script bhw.fontdef
15:06:01: Parsing script bluehigh.fontdef
15:06:01: Parsing script Achievement.overlay
15:06:01: Texture: AchievementBackground.png: Loading 1 faces(PF_R8G8B8,800x100x1) with 5 generated mipmaps from Image. Internal format is PF_X8R8G8B8,800x100x1.
15:06:01: Parsing script FPS.overlay
15:06:01: Parsing script HUD.overlay
15:06:01: Texture: DownArrow.png: Loading 1 faces(PF_A8R8G8B8,500x500x1) with 5 generated mipmaps from Image. Internal format is PF_A8R8G8B8,500x500x1.
15:06:01: Parsing script Kinect.overlay
15:06:01: Bad overlay attribute line: 'metrics_mode relative' for overlay Kinect/Torso1
15:06:01: Texture: torso.png: Loading 1 faces(PF_A8R8G8B8,50x100x1) with 5 generated mipmaps from Image. Internal format is PF_A8R8G8B8,50x100x1.
15:06:01: Texture: torso2.png: Loading 1 faces(PF_A8R8G8B8,50x100x1) with 5 generated mipmaps from Image. Internal format is PF_A8R8G8B8,50x100x1.
15:06:01: Parsing script Loading.overlay
15:06:01: Parsing script login.overlay
15:06:01: Finished parsing scripts for resource group 
15:06:01: Creating resources for group 
15:06:01: All done
15:06:01: Parsing scripts for resource group Autodetect
15:06:01: Finished parsing scripts for resource group Autodetect
15:06:01: Creating resources for group Autodetect
15:06:01: All done
15:06:01: Parsing scripts for resource group General
15:06:01: Finished parsing scripts for resource group General
15:06:01: Creating resources for group General
15:06:01: All done
15:06:01: Parsing scripts for resource group Internal
15:06:01: Finished parsing scripts for resource group Internal
15:06:01: Creating resources for group Internal
15:06:01: All done
15:06:01: Mesh: Loading Arrow.mesh.
15:06:01: WARNING: Arrow.mesh is an older format ([MeshSerializer_v1.41]); you should upgrade it as soon as possible using the OgreMeshUpgrade tool.
15:06:02: Texture: arrow.png: Loading 1 faces(PF_A8R8G8B8,1024x1024x1) with 5 generated mipmaps from Image. Internal format is PF_A8R8G8B8,1024x1024x1.
15:06:02: Texture: cloudy_noon.jpg: Loading 6 faces(PF_R8G8B8,512x512x1) with 5 generated mipmaps from multiple Images. Internal format is PF_X8R8G8B8,512x512x1.
15:06:02: Mesh: Loading TankWall.mesh.
15:06:02: WARNING: TankWall.mesh is an older format ([MeshSerializer_v1.40]); you should upgrade it as soon as possible using the OgreMeshUpgrade tool.
15:06:02: Texture: snow_1024.jpg: Loading 1 faces(PF_R8G8B8,1024x1024x1) with 5 generated mipmaps from Image. Internal format is PF_X8R8G8B8,1024x1024x1.
15:06:02: Mesh: Loading Iceberg1.mesh.
15:06:02: WARNING: Iceberg1.mesh is an older format ([MeshSerializer_v1.41]); you should upgrade it as soon as possible using the OgreMeshUpgrade tool.
15:06:02: Mesh: Loading Goal.mesh.
15:06:02: WARNING: Goal.mesh is an older format ([MeshSerializer_v1.41]); you should upgrade it as soon as possible using the OgreMeshUpgrade tool.
15:06:02: Texture: GoalTexure.png: Loading 1 faces(PF_A8R8G8B8,1024x1024x1) with 5 generated mipmaps from Image. Internal format is PF_A8R8G8B8,1024x1024x1.
15:06:02: Texture: cloudy_noon_fr.jpg: Loading 1 faces(PF_R8G8B8,512x512x1) with 5 generated mipmaps from Image. Internal format is PF_X8R8G8B8,512x512x1.
15:06:02: Texture: cloudy_noon_bk.jpg: Loading 1 faces(PF_R8G8B8,512x512x1) with 5 generated mipmaps from Image. Internal format is PF_X8R8G8B8,512x512x1.
15:06:02: Texture: cloudy_noon_lf.jpg: Loading 1 faces(PF_R8G8B8,512x512x1) with 5 generated mipmaps from Image. Internal format is PF_X8R8G8B8,512x512x1.
15:06:02: Texture: cloudy_noon_rt.jpg: Loading 1 faces(PF_R8G8B8,512x512x1) with 5 generated mipmaps from Image. Internal format is PF_X8R8G8B8,512x512x1.
15:06:02: Texture: cloudy_noon_up.jpg: Loading 1 faces(PF_R8G8B8,512x512x1) with 5 generated mipmaps from Image. Internal format is PF_X8R8G8B8,512x512x1.
15:06:02: Texture: cloudy_noon_dn.jpg: Loading 1 faces(PF_R8G8B8,512x512x1) with 5 generated mipmaps from Image. Internal format is PF_X8R8G8B8,512x512x1.
15:06:03: Mesh: Loading Boat1.mesh.
15:06:03: WARNING: Boat1.mesh is an older format ([MeshSerializer_v1.41]); you should upgrade it as soon as possible using the OgreMeshUpgrade tool.
15:06:03: Texture: boat1.png: Loading 1 faces(PF_A8R8G8B8,1024x1024x1) with 5 generated mipmaps from Image. Internal format is PF_A8R8G8B8,1024x1024x1.
15:06:03: Mesh: Loading TurretBase1.mesh.
15:06:03: WARNING: TurretBase1.mesh is an older format ([MeshSerializer_v1.41]); you should upgrade it as soon as possible using the OgreMeshUpgrade tool.
15:06:03: Texture: turretbase.png: Loading 1 faces(PF_A8R8G8B8,1024x1024x1) with 5 generated mipmaps from Image. Internal format is PF_A8R8G8B8,1024x1024x1.
15:06:03: Mesh: Loading Barrel1.mesh.
15:06:03: WARNING: Barrel1.mesh is an older format ([MeshSerializer_v1.41]); you should upgrade it as soon as possible using the OgreMeshUpgrade tool.
15:06:04: Font Big using texture size 1024x1024
15:06:04: Info: Freetype returned null for character 127 in font Big
15:06:04: Info: Freetype returned null for character 128 in font Big
15:06:04: Info: Freetype returned null for character 129 in font Big
15:06:04: Info: Freetype returned null for character 130 in font Big
15:06:04: Info: Freetype returned null for character 131 in font Big
15:06:04: Info: Freetype returned null for character 132 in font Big
15:06:04: Info: Freetype returned null for character 133 in font Big
15:06:04: Info: Freetype returned null for character 134 in font Big
15:06:04: Info: Freetype returned null for character 135 in font Big
15:06:04: Info: Freetype returned null for character 136 in font Big
15:06:04: Info: Freetype returned null for character 137 in font Big
15:06:04: Info: Freetype returned null for character 138 in font Big
15:06:04: Info: Freetype returned null for character 139 in font Big
15:06:04: Info: Freetype returned null for character 140 in font Big
15:06:04: Info: Freetype returned null for character 141 in font Big
15:06:04: Info: Freetype returned null for character 142 in font Big
15:06:04: Info: Freetype returned null for character 143 in font Big
15:06:04: Info: Freetype returned null for character 144 in font Big
15:06:04: Info: Freetype returned null for character 145 in font Big
15:06:04: Info: Freetype returned null for character 146 in font Big
15:06:04: Info: Freetype returned null for character 147 in font Big
15:06:04: Info: Freetype returned null for character 148 in font Big
15:06:04: Info: Freetype returned null for character 149 in font Big
15:06:04: Info: Freetype returned null for character 150 in font Big
15:06:04: Info: Freetype returned null for character 151 in font Big
15:06:04: Info: Freetype returned null for character 152 in font Big
15:06:04: Info: Freetype returned null for character 153 in font Big
15:06:04: Info: Freetype returned null for character 154 in font Big
15:06:04: Info: Freetype returned null for character 155 in font Big
15:06:04: Info: Freetype returned null for character 156 in font Big
15:06:04: Info: Freetype returned null for character 157 in font Big
15:06:04: Info: Freetype returned null for character 158 in font Big
15:06:04: Info: Freetype returned null for character 159 in font Big
15:06:04: Info: Freetype returned null for character 160 in font Big
15:06:04: Texture: BigTexture: Loading 1 faces(PF_BYTE_LA,1024x1024x1) with 0 generated mipmaps from Image. Internal format is PF_BYTE_LA,1024x1024x1.
15:09:44: DefaultWorkQueue('Root') shutting down on thread d78.
15:09:44: DefaultWorkQueue('Root')::WorkerFunc - thread 1068 stopped.
15:09:44: DefaultWorkQueue('Root')::WorkerFunc - thread 1298 stopped.
15:09:44: DefaultWorkQueue('Root')::WorkerFunc - thread 155c stopped.
15:09:44: DefaultWorkQueue('Root')::WorkerFunc - thread 1624 stopped.
15:09:44: PCZone Factory Type 'ZoneType_Octree' unregistered
15:09:44: *-*-* OGRE Shutdown
15:09:44: Unregistering ResourceManager for type Compositor
15:09:44: Unregistering ResourceManager for type Skeleton
15:09:44: Unregistering ResourceManager for type Mesh
15:09:44: Unregistering ResourceManager for type HighLevelGpuProgram
15:09:44: Uninstalling plugin: Octree Scene Manager
15:09:44: Plugin successfully uninstalled
15:09:44: Unloading library .\Plugin_OctreeSceneManager_d
15:09:44: Uninstalling plugin: Octree Zone Factory
15:09:44: Plugin successfully uninstalled
15:09:44: Unloading library .\Plugin_OctreeZone_d
15:09:44: Uninstalling plugin: Portal Connected Zone Scene Manager
15:09:44: Plugin successfully uninstalled
15:09:44: Unloading library .\Plugin_PCZSceneManager_d
15:09:44: Uninstalling plugin: GL RenderSystem
15:09:44: Unregistering ResourceManager for type GpuProgram
15:09:44: *** Stopping Win32GL Subsystem ***
15:09:44: Unregistering ResourceManager for type Texture
15:09:44: Plugin successfully uninstalled
15:09:44: Unloading library .\RenderSystem_GL_d
15:09:44: Uninstalling plugin: D3D9 RenderSystem
15:09:44: D3D9 : Shutting down cleanly.
15:09:44: D3D9 : Direct3D9 Rendering Subsystem destroyed.
15:09:44: Plugin successfully uninstalled
15:09:44: Unloading library .\RenderSystem_Direct3D9_d
15:09:44: Unregistering ResourceManager for type Material
